2025-09-05T00:02:52.996Z Error: EXPO_TOKEN is set in your environment, and is being used for all EAS authentication. To use username/password authentication, unset EXPO_TOKEN in your environment and re-run the command.
2025-09-05T00:02:52.996Z     at AccountLogin.runAsync (/data/data/com.termux/files/usr/lib/node_modules/eas-cli/build/commands/account/login.js:29:19)
2025-09-05T00:02:52.996Z     at async AccountLogin.run (/data/data/com.termux/files/usr/lib/node_modules/eas-cli/build/commandUtils/EasCommand.js:168:16)
2025-09-05T00:02:52.996Z     at async AccountLogin._run (/data/data/com.termux/files/usr/lib/node_modules/eas-cli/node_modules/@oclif/core/lib/command.js:80:22)
2025-09-05T00:02:52.996Z     at async Config.runCommand (/data/data/com.termux/files/usr/lib/node_modules/eas-cli/node_modules/@oclif/core/lib/config/config.js:301:25)
2025-09-05T00:04:06.884Z Error: EEXIT: 1
2025-09-05T00:04:06.884Z     at Object.exit (/data/data/com.termux/files/usr/lib/node_modules/eas-cli/node_modules/@oclif/core/lib/errors/index.js:22:11)
2025-09-05T00:04:06.884Z     at GitClient.ensureRepoExistsAsync (/data/data/com.termux/files/usr/lib/node_modules/eas-cli/build/vcs/clients/git.js:42:27)
2025-09-05T00:04:06.884Z     at async BuildConfigure.runAsync (/data/data/com.termux/files/usr/lib/node_modules/eas-cli/build/commands/build/configure.js:41:9)
2025-09-05T00:04:06.884Z     at async BuildConfigure.run (/data/data/com.termux/files/usr/lib/node_modules/eas-cli/build/commandUtils/EasCommand.js:168:16)
2025-09-05T00:04:06.884Z     at async BuildConfigure._run (/data/data/com.termux/files/usr/lib/node_modules/eas-cli/node_modules/@oclif/core/lib/command.js:80:22)
2025-09-05T00:04:06.884Z     at async Config.runCommand (/data/data/com.termux/files/usr/lib/node_modules/eas-cli/node_modules/@oclif/core/lib/config/config.js:301:25)
2025-09-05T00:08:03.638Z Error: git add --intent-to-add /data/data/com.termux/files/home/eas.json exited with non-zero code: 128
2025-09-05T00:08:03.638Z     at ChildProcess.completionListener (/data/data/com.termux/files/usr/lib/node_modules/eas-cli/node_modules/@expo/spawn-async/build/spawnAsync.js:42:23)
2025-09-05T00:08:03.638Z     at Object.onceWrapper (node:events:634:26)
2025-09-05T00:08:03.638Z     at ChildProcess.emit (node:events:519:28)
2025-09-05T00:08:03.638Z     ...
2025-09-05T00:08:03.638Z     at spawnAsync (/data/data/com.termux/files/usr/lib/node_modules/eas-cli/node_modules/@expo/spawn-async/build/spawnAsync.js:7:23)
2025-09-05T00:08:03.638Z     at GitClient.trackFileAsync (/data/data/com.termux/files/usr/lib/node_modules/eas-cli/build/vcs/clients/git.js:224:41)
2025-09-05T00:08:03.638Z     at createEasJsonAsync (/data/data/com.termux/files/usr/lib/node_modules/eas-cli/build/build/configure.js:109:21)
2025-09-05T00:08:03.638Z     at async configureAsync (/data/data/com.termux/files/usr/lib/node_modules/eas-cli/build/build/configure.js:33:5)
2025-09-05T00:08:03.638Z     at async ensureProjectConfiguredAsync (/data/data/com.termux/files/usr/lib/node_modules/eas-cli/build/build/configure.js:27:5)
2025-09-05T00:08:03.638Z     at async BuildConfigure.runAsync (/data/data/com.termux/files/usr/lib/node_modules/eas-cli/build/commands/build/configure.js:50:34)
2025-09-05T00:08:03.638Z     at async BuildConfigure.run (/data/data/com.termux/files/usr/lib/node_modules/eas-cli/build/commandUtils/EasCommand.js:168:16)
2025-09-05T00:08:03.638Z     at async BuildConfigure._run (/data/data/com.termux/files/usr/lib/node_modules/eas-cli/node_modules/@oclif/core/lib/command.js:80:22)
2025-09-05T00:08:03.638Z     at async Config.runCommand (/data/data/com.termux/files/usr/lib/node_modules/eas-cli/node_modules/@oclif/core/lib/config/config.js:301:25)
2025-09-05T00:10:01.255Z Error: package.json is outside of the current git repository (project root: /data/data/com.termux/files/home, git root: /data/data/com.termux/files/home/pr1.
2025-09-05T00:10:01.255Z     at findProjectRootAsync (/data/data/com.termux/files/usr/lib/node_modules/eas-cli/build/commandUtils/context/contextUtils/findProjectDirAndVerifyProjectSetupAsync.js:81:19)
2025-09-05T00:10:01.255Z     at async findProjectDirAndVerifyProjectSetupAsync (/data/data/com.termux/files/usr/lib/node_modules/eas-cli/build/commandUtils/context/contextUtils/findProjectDirAndVerifyProjectSetupAsync.js:96:24)
2025-09-05T00:10:01.255Z     at async PrivateProjectConfigContextField.getValueAsync (/data/data/com.termux/files/usr/lib/node_modules/eas-cli/build/commandUtils/context/PrivateProjectConfigContextField.js:13:28)
2025-09-05T00:10:01.255Z     at async BuildConfigure.getContextAsync (/data/data/com.termux/files/usr/lib/node_modules/eas-cli/build/commandUtils/EasCommand.js:139:17)
2025-09-05T00:10:01.255Z     at async BuildConfigure.runAsync (/data/data/com.termux/files/usr/lib/node_modules/eas-cli/build/commands/build/configure.js:35:86)
2025-09-05T00:10:01.255Z     at async BuildConfigure.run (/data/data/com.termux/files/usr/lib/node_modules/eas-cli/build/commandUtils/EasCommand.js:168:16)
2025-09-05T00:10:01.255Z     at async BuildConfigure._run (/data/data/com.termux/files/usr/lib/node_modules/eas-cli/node_modules/@oclif/core/lib/command.js:80:22)
2025-09-05T00:10:01.255Z     at async Config.runCommand (/data/data/com.termux/files/usr/lib/node_modules/eas-cli/node_modules/@oclif/core/lib/config/config.js:301:25)
